<?xml version="1.0" encoding="UTF-8"?>
<testng-results skipped="0" failed="0" total="1" passed="1">
  <reporter-output>
    <line>
      <![CDATA[Browser Instanciated and Opened]]>
    </line>
    <line>
      <![CDATA[Browser Maximized]]>
    </line>
    <line>
      <![CDATA[Application started]]>
    </line>
    <line>
      <![CDATA[Application closed]]>
    </line>
  </reporter-output>
  <suite name="Default suite" duration-ms="8968" started-at="2016-03-16T09:16:20Z" finished-at="2016-03-16T09:16:29Z">
    <groups>
    </groups>
    <test name="Default test" duration-ms="8968" started-at="2016-03-16T09:16:20Z" finished-at="2016-03-16T09:16:29Z">
      <class name="rough_pack.ReporterDemo">
        <test-method status="PASS" signature="testreport()[pri:0, instance:rough_pack.ReporterDemo@1cd072a9]" name="testreport" duration-ms="8950" started-at="2016-03-16T14:46:20Z" finished-at="2016-03-16T14:46:29Z">
          <reporter-output>
            <line>
              <![CDATA[Browser Instanciated and Opened]]>
            </line>
            <line>
              <![CDATA[Browser Maximized]]>
            </line>
            <line>
              <![CDATA[Application started]]>
            </line>
            <line>
              <![CDATA[Application closed]]>
            </line>
          </reporter-output>
        </test-method> <!-- testreport -->
      </class> <!-- rough_pack.ReporterDemo -->
    </test> <!-- Default test -->
  </suite> <!-- Default suite -->
</testng-results>
